0 info it worked if it ends with ok
1 verbose cli [ 'C:\\Program Files (x86)\\nodejs\\node.exe',
1 verbose cli   'C:\\Program Files (x86)\\nodejs\\node_modules\\npm\\bin\\npm-cli.js',
1 verbose cli   'run',
1 verbose cli   'client' ]
2 info using npm@3.10.10
3 info using node@v6.11.3
4 verbose run-script [ 'preclient', 'client', 'postclient' ]
5 info lifecycle digitaler_meisterschirm@1.0.0~preclient: digitaler_meisterschirm@1.0.0
6 silly lifecycle digitaler_meisterschirm@1.0.0~preclient: no script for preclient, continuing
7 info lifecycle digitaler_meisterschirm@1.0.0~client: digitaler_meisterschirm@1.0.0
8 verbose lifecycle digitaler_meisterschirm@1.0.0~client: unsafe-perm in lifecycle true
9 verbose lifecycle digitaler_meisterschirm@1.0.0~client: PATH: C:\Program Files (x86)\nodejs\node_modules\npm\bin\node-gyp-bin;C:\Users\Christian\Desktop\Projekte 2020\digitaler_meisterschirm\node_modules\.bin;C:\Program Files (x86)\NVIDIA Corporation\PhysX\Common;C:\Program Files\Common Files\Microsoft Shared\Windows Live;C:\ProgramData\Oracle\Java\javapath;C:\Windows\system32;C:\Windows;C:\Windows\System32\Wbem;C:\Windows\System32\WindowsPowerShell\v1.0\;C:\Program Files (x86)\ATI Technologies\ATI.ACE\Core-Static;C:\Program Files (x86)\AMD\ATI.ACE\Core-Static;C:\PROGRA~2\Groovy\GROOVY~1.3\bin;C:\Program Files (x86)\Skype\Phone\;C:\Program Files\Git\cmd;C:\Program Files (x86)\nodejs\;C:\Ruby24-x64\bin;C:\Program Files\Common Files\Microsoft Shared\Windows Live;C:\Users\Christian\AppData\Roaming\npm;C:\Users\Christian\AppData\Local\Programs\Microsoft VS Code\bin
10 verbose lifecycle digitaler_meisterschirm@1.0.0~client: CWD: C:\Users\Christian\Desktop\Projekte 2020\digitaler_meisterschirm
11 silly lifecycle digitaler_meisterschirm@1.0.0~client: Args: [ '/d /s /c', 'cd client && npm run start' ]
12 silly lifecycle digitaler_meisterschirm@1.0.0~client: Returned: code: 1  signal: null
13 info lifecycle digitaler_meisterschirm@1.0.0~client: Failed to exec client script
14 verbose stack Error: digitaler_meisterschirm@1.0.0 client: `cd client && npm run start`
14 verbose stack Exit status 1
14 verbose stack     at EventEmitter.<anonymous> (C:\Program Files (x86)\nodejs\node_modules\npm\lib\utils\lifecycle.js:255:16)
14 verbose stack     at emitTwo (events.js:106:13)
14 verbose stack     at EventEmitter.emit (events.js:191:7)
14 verbose stack     at ChildProcess.<anonymous> (C:\Program Files (x86)\nodejs\node_modules\npm\lib\utils\spawn.js:40:14)
14 verbose stack     at emitTwo (events.js:106:13)
14 verbose stack     at ChildProcess.emit (events.js:191:7)
14 verbose stack     at maybeClose (internal/child_process.js:920:16)
14 verbose stack     at Process.ChildProcess._handle.onexit (internal/child_process.js:230:5)
15 verbose pkgid digitaler_meisterschirm@1.0.0
16 verbose cwd C:\Users\Christian\Desktop\Projekte 2020\digitaler_meisterschirm
17 error Windows_NT 6.1.7601
18 error argv "C:\\Program Files (x86)\\nodejs\\node.exe" "C:\\Program Files (x86)\\nodejs\\node_modules\\npm\\bin\\npm-cli.js" "run" "client"
19 error node v6.11.3
20 error npm  v3.10.10
21 error code ELIFECYCLE
22 error digitaler_meisterschirm@1.0.0 client: `cd client && npm run start`
22 error Exit status 1
23 error Failed at the digitaler_meisterschirm@1.0.0 client script 'cd client && npm run start'.
23 error Make sure you have the latest version of node.js and npm installed.
23 error If you do, this is most likely a problem with the digitaler_meisterschirm package,
23 error not with npm itself.
23 error Tell the author that this fails on your system:
23 error     cd client && npm run start
23 error You can get information on how to open an issue for this project with:
23 error     npm bugs digitaler_meisterschirm
23 error Or if that isn't available, you can get their info via:
23 error     npm owner ls digitaler_meisterschirm
23 error There is likely additional logging output above.
24 verbose exit [ 1, true ]
